Arguments: 
  F:\学习\专业高级 2 服务器开发\node\node.exe F:\Node\npm\node_modules\yarn\bin\yarn.js add antd --save

PATH: 
  C:\Windows\system32;C:\Windows;C:\Windows\System32\Wbem;C:\Windows\System32\WindowsPowerShell\v1.0\;C:\windows\system32;C:\windows;C:\windows\System32\Wbem;F:\学习\专业高级 2 服务器开发\node;F:\学习\专业高级;3 整合\整合\Git\cmd;C:\;rogram Files\Intel\WiFi\bin\;C:\Program Files\Common Files\Intel\WirelessCommon\;C:\Program Files (x86)\NVIDIA Corporation\PhysX\Common;F:\Node\nodejs\;F:\Node\npm\;F:\Node\npm\node_modules\;F:\学习\专业高级 3 整合\整合\Git\cmd;C:\Program Files\Intel\WiFi\bin\;C:\Program Files\Common Files\Intel\WirelessCommon\;C:\Users\admin\AppData\Roaming\npm;F:\学习\学习软件\Fiddler;F:\学习\学习软件\VSCode\Microsoft VS Code\bin

Yarn version: 
  1.12.1

Node version: 
  10.5.0

Platform: 
  win32 x64

Trace: 
  Error: EEXIST: file already exists, mkdir 'F:\exam\team-one\react\node_modules\fork-ts-checker-webpack-plugin\node_modules\expand-brackets\node_modules'

npm manifest: 
  {
    "private": true,
    "scripts": {
      "start": "roadhog server",
      "build": "roadhog build",
      "lint": "eslint --ext .js src test",
      "precommit": "npm run lint"
    },
    "dependencies": {
      "@antv/g2": "^3.4.10",
      "chalk": "^2.4.2",
      "dva": "^2.4.1",
      "react": "^16.2.0",
      "react-dom": "^16.2.0"
    },
    "devDependencies": {
      "babel-plugin-dva-hmr": "^0.3.2",
      "eslint": "^4.14.0",
      "eslint-config-umi": "^0.1.1",
      "eslint-plugin-flowtype": "^2.34.1",
      "eslint-plugin-import": "^2.6.0",
      "eslint-plugin-jsx-a11y": "^5.1.1",
      "eslint-plugin-react": "^7.1.0",
      "husky": "^0.12.0",
      "redbox-react": "^1.4.3",
      "roadhog": "^2.0.0"
    }
  }

yarn manifest: 
  No manifest

Lockfile: 
  No lockfile
